2018-09-04 19:44:33.927 +03:00 [Warning] [Microsoft.AspNetCore.HttpsPolicy.HttpsRedirectionMiddleware]
 ---Info---
 Failed to determine the https port for redirect.
2018-09-04 19:44:44.242 +03:00 [Error] []
 ---Info---
 FilmsStore.BusinessLogic.Exceptions.FilmNotExistException: Film with Id888888 does not exist
   at FilmsStore.BusinessLogic.Services.FilmService.GetFilmByIdAsync(Int32 id) in C:\Users\User\Desktop\StLab_FilmsStore\FilmsStoreBack\FilmsStore.BusinessLogic\Services\FilmService.cs:line 42
   at FilmsStore.WebApi.Controllers.FilmsController.GetFilmDetails(Int32 id) in C:\Users\User\Desktop\StLab_FilmsStore\FilmsStoreBack\FilmsStore.WebApi\Controllers\FilmsController.cs:line 38
   at lambda_method(Closure , Object )
   at Microsoft.Extensions.Internal.ObjectMethodExecutorAwaitable.Awaiter.GetResult()
   at Microsoft.AspNetCore.Mvc.Internal.ActionMethodExecutor.AwaitableObjectResultExecutor.Execute(IActionResultTypeMapper mapper, ObjectMethodExecutor executor, Object controller, Object[] arguments)
   at System.Threading.Tasks.ValueTask`1.get_Result()
   at Microsoft.AspNetCore.Mvc.Internal.ControllerActionInvoker.InvokeActionMethodAsync()
   at Microsoft.AspNetCore.Mvc.Internal.ControllerActionInvoker.InvokeNextActionFilterAsync()
   at Microsoft.AspNetCore.Mvc.Internal.ControllerActionInvoker.Rethrow(ActionExecutedContext context)
   at Microsoft.AspNetCore.Mvc.Internal.ControllerActionInvoker.Next(State& next, Scope& scope, Object& state, Boolean& isCompleted)
   at Microsoft.AspNetCore.Mvc.Internal.ControllerActionInvoker.InvokeInnerFilterAsync()
   at Microsoft.AspNetCore.Mvc.Internal.ResourceInvoker.InvokeNextExceptionFilterAsync()
2018-09-04 19:46:34.997 +03:00 [Warning] [Microsoft.AspNetCore.HttpsPolicy.HttpsRedirectionMiddleware]
 ---Info---
 Failed to determine the https port for redirect.
2018-09-04 19:46:40.837 +03:00 [Error] []
 ---Info---
 System.Exception: dsfdsfsdf
   at FilmsStore.BusinessLogic.Services.FilmService.GetFilmByIdAsync(Int32 id) in C:\Users\User\Desktop\StLab_FilmsStore\FilmsStoreBack\FilmsStore.BusinessLogic\Services\FilmService.cs:line 39
   at FilmsStore.WebApi.Controllers.FilmsController.GetFilmDetails(Int32 id) in C:\Users\User\Desktop\StLab_FilmsStore\FilmsStoreBack\FilmsStore.WebApi\Controllers\FilmsController.cs:line 38
   at lambda_method(Closure , Object )
   at Microsoft.Extensions.Internal.ObjectMethodExecutorAwaitable.Awaiter.GetResult()
   at Microsoft.AspNetCore.Mvc.Internal.ActionMethodExecutor.AwaitableObjectResultExecutor.Execute(IActionResultTypeMapper mapper, ObjectMethodExecutor executor, Object controller, Object[] arguments)
   at System.Threading.Tasks.ValueTask`1.get_Result()
   at Microsoft.AspNetCore.Mvc.Internal.ControllerActionInvoker.InvokeActionMethodAsync()
   at Microsoft.AspNetCore.Mvc.Internal.ControllerActionInvoker.InvokeNextActionFilterAsync()
   at Microsoft.AspNetCore.Mvc.Internal.ControllerActionInvoker.Rethrow(ActionExecutedContext context)
   at Microsoft.AspNetCore.Mvc.Internal.ControllerActionInvoker.Next(State& next, Scope& scope, Object& state, Boolean& isCompleted)
   at Microsoft.AspNetCore.Mvc.Internal.ControllerActionInvoker.InvokeInnerFilterAsync()
   at Microsoft.AspNetCore.Mvc.Internal.ResourceInvoker.InvokeNextExceptionFilterAsync()
2018-09-04 19:46:46.464 +03:00 [Error] []
 ---Info---
 System.Exception: dsfdsfsdf
   at FilmsStore.BusinessLogic.Services.FilmService.GetFilmByIdAsync(Int32 id) in C:\Users\User\Desktop\StLab_FilmsStore\FilmsStoreBack\FilmsStore.BusinessLogic\Services\FilmService.cs:line 39
   at FilmsStore.WebApi.Controllers.FilmsController.GetFilmDetails(Int32 id) in C:\Users\User\Desktop\StLab_FilmsStore\FilmsStoreBack\FilmsStore.WebApi\Controllers\FilmsController.cs:line 38
   at lambda_method(Closure , Object )
   at Microsoft.Extensions.Internal.ObjectMethodExecutorAwaitable.Awaiter.GetResult()
   at Microsoft.AspNetCore.Mvc.Internal.ActionMethodExecutor.AwaitableObjectResultExecutor.Execute(IActionResultTypeMapper mapper, ObjectMethodExecutor executor, Object controller, Object[] arguments)
   at System.Threading.Tasks.ValueTask`1.get_Result()
   at Microsoft.AspNetCore.Mvc.Internal.ControllerActionInvoker.InvokeActionMethodAsync()
   at Microsoft.AspNetCore.Mvc.Internal.ControllerActionInvoker.InvokeNextActionFilterAsync()
   at Microsoft.AspNetCore.Mvc.Internal.ControllerActionInvoker.Rethrow(ActionExecutedContext context)
   at Microsoft.AspNetCore.Mvc.Internal.ControllerActionInvoker.Next(State& next, Scope& scope, Object& state, Boolean& isCompleted)
   at Microsoft.AspNetCore.Mvc.Internal.ControllerActionInvoker.InvokeInnerFilterAsync()
   at Microsoft.AspNetCore.Mvc.Internal.ResourceInvoker.InvokeNextExceptionFilterAsync()
2018-09-04 20:04:15.003 +03:00 [Warning] [Microsoft.AspNetCore.HttpsPolicy.HttpsRedirectionMiddleware]
 ---Info---
 Failed to determine the https port for redirect.
2018-09-04 20:04:20.095 +03:00 [Error] []
 ---Info---
 FilmsStore.BusinessLogic.Exceptions.FilmNotExistException: Film with Id1234567 does not exist
   at FilmsStore.BusinessLogic.Services.FilmService.GetFilmByIdAsync(Int32 id) in C:\Users\User\Desktop\StLab_FilmsStore\FilmsStoreBack\FilmsStore.BusinessLogic\Services\FilmService.cs:line 42
   at FilmsStore.WebApi.Controllers.FilmsController.GetFilmDetails(Int32 id) in C:\Users\User\Desktop\StLab_FilmsStore\FilmsStoreBack\FilmsStore.WebApi\Controllers\FilmsController.cs:line 38
   at lambda_method(Closure , Object )
   at Microsoft.Extensions.Internal.ObjectMethodExecutorAwaitable.Awaiter.GetResult()
   at Microsoft.AspNetCore.Mvc.Internal.ActionMethodExecutor.AwaitableObjectResultExecutor.Execute(IActionResultTypeMapper mapper, ObjectMethodExecutor executor, Object controller, Object[] arguments)
   at System.Threading.Tasks.ValueTask`1.get_Result()
   at Microsoft.AspNetCore.Mvc.Internal.ControllerActionInvoker.InvokeActionMethodAsync()
   at Microsoft.AspNetCore.Mvc.Internal.ControllerActionInvoker.InvokeNextActionFilterAsync()
   at Microsoft.AspNetCore.Mvc.Internal.ControllerActionInvoker.Rethrow(ActionExecutedContext context)
   at Microsoft.AspNetCore.Mvc.Internal.ControllerActionInvoker.Next(State& next, Scope& scope, Object& state, Boolean& isCompleted)
   at Microsoft.AspNetCore.Mvc.Internal.ControllerActionInvoker.InvokeInnerFilterAsync()
   at Microsoft.AspNetCore.Mvc.Internal.ResourceInvoker.InvokeNextExceptionFilterAsync()
